0 info it worked if it ends with ok
1 verbose cli [ '/usr/bin/node', '/usr/bin/npm', 'run', 'offline' ]
2 info using npm@3.5.2
3 info using node@v8.10.0
4 verbose run-script [ 'preoffline', 'offline', 'postoffline' ]
5 info lifecycle homeui@1.0.0~preoffline: homeui@1.0.0
6 silly lifecycle homeui@1.0.0~preoffline: no script for preoffline, continuing
7 info lifecycle homeui@1.0.0~offline: homeui@1.0.0
8 verbose lifecycle homeui@1.0.0~offline: unsafe-perm in lifecycle true
9 verbose lifecycle homeui@1.0.0~offline: PATH: /usr/share/npm/bin/node-gyp-bin:/mnt/c/users/woodardt/workspace/homeUI/node_modules/.bin:/home/woodardt/.local/bin:/home/woodardt/.toolbox/bin:/usr/local/sbin:/usr/local/bin:/usr/sbin:/usr/bin:/sbin:/bin:/usr/games:/usr/local/games:/mnt/c/Program Files/WindowsApps/CanonicalGroupLimited.UbuntuonWindows_1804.2019.521.0_x64__79rhkp1fndgsc:/mnt/c/Program Files/ITACsvc:/mnt/c/Windows/System32:/mnt/c/Windows:/mnt/c/Windows/System32/wbem:/mnt/c/Windows/System32/WindowsPowerShell/v1.0:/mnt/c/Windows/System32/OpenSSH:/mnt/c/Program Files (x86)/ACMEGuardian:/mnt/c/Program Files (x86)/Quarantine:/mnt/c/Users/woodardt/AppData/Local/Microsoft/WindowsApps:/mnt/c/Users/woodardt/AppData/Local/atom/bin:/snap/bin:/home/woodardt/.npm-packages/bin
10 verbose lifecycle homeui@1.0.0~offline: CWD: /mnt/c/users/woodardt/workspace/homeUI
11 silly lifecycle homeui@1.0.0~offline: Args: [ '-c', 'serverless offline start' ]
12 silly lifecycle homeui@1.0.0~offline: Returned: code: 1  signal: null
13 info lifecycle homeui@1.0.0~offline: Failed to exec offline script
14 verbose stack Error: homeui@1.0.0 offline: `serverless offline start`
14 verbose stack Exit status 1
14 verbose stack     at EventEmitter.<anonymous> (/usr/share/npm/lib/utils/lifecycle.js:232:16)
14 verbose stack     at emitTwo (events.js:126:13)
14 verbose stack     at EventEmitter.emit (events.js:214:7)
14 verbose stack     at ChildProcess.<anonymous> (/usr/share/npm/lib/utils/spawn.js:24:14)
14 verbose stack     at emitTwo (events.js:126:13)
14 verbose stack     at ChildProcess.emit (events.js:214:7)
14 verbose stack     at maybeClose (internal/child_process.js:925:16)
14 verbose stack     at Process.ChildProcess._handle.onexit (internal/child_process.js:209:5)
15 verbose pkgid homeui@1.0.0
16 verbose cwd /mnt/c/users/woodardt/workspace/homeUI
17 error Linux 4.4.0-17763-Microsoft
18 error argv "/usr/bin/node" "/usr/bin/npm" "run" "offline"
19 error node v8.10.0
20 error npm  v3.5.2
21 error code ELIFECYCLE
22 error homeui@1.0.0 offline: `serverless offline start`
22 error Exit status 1
23 error Failed at the homeui@1.0.0 offline script 'serverless offline start'.
23 error Make sure you have the latest version of node.js and npm installed.
23 error If you do, this is most likely a problem with the homeui package,
23 error not with npm itself.
23 error Tell the author that this fails on your system:
23 error     serverless offline start
23 error You can get information on how to open an issue for this project with:
23 error     npm bugs homeui
23 error Or if that isn't available, you can get their info via:
23 error     npm owner ls homeui
23 error There is likely additional logging output above.
24 verbose exit [ 1, true ]
